GROUP,PACKAGE,CLASS,INSTRUCTION_MISSED,INSTRUCTION_COVERED,BRANCH_MISSED,BRANCH_COVERED,LINE_MISSED,LINE_COVERED,COMPLEXITY_MISSED,COMPLEXITY_COVERED,METHOD_MISSED,METHOD_COVERED
Mediscreen_risks,com.mediscreen.config,SwaggerConfig,0,15,0,0,0,6,0,2,0,2
Mediscreen_risks,com.mediscreen.controllers,RiskController,0,16,0,0,0,5,0,3,0,3
Mediscreen_risks,com.mediscreen,MediscreenRisksApplication,5,3,0,0,2,1,1,1,1,1
Mediscreen_risks,com.mediscreen.entities,Note,6,14,0,0,2,6,2,4,2,4
Mediscreen_risks,com.mediscreen.entities,Patient,12,40,0,0,6,16,3,12,3,12
Mediscreen_risks,com.mediscreen.services,RiskServiceImpl,32,178,23,21,3,27,16,12,0,6
